[    0.000000] Initializing cgroup subsys cpuset
[    0.000000] Initializing cgroup subsys cpu
[    0.000000] Initializing cgroup subsys cpuacct
[    0.000000] Linux version 4.4.0-101-generic (buildd@lcy01-amd64-006) (gcc version 5.4.0 20160609 (Ubuntu 5.4.0-6ubuntu1~16.04.5) ) #124-Ubuntu SMP Fri Nov 10 18:29:59 UTC 2017 (Ubuntu 4.4.0-101.124-generic 4.4.95)
[    0.000000] Command line: BOOT_IMAGE=/boot/vmlinuz-4.4.0-101-generic root=LABEL=cloudimg-rootfs ro console=tty1 console=ttyS0
[    0.000000] KERNEL supported cpus:
[    0.000000]   Intel GenuineIntel
[    0.000000]   AMD AuthenticAMD
[    0.000000]   Centaur CentaurHauls
[    0.000000] x86/fpu: xstate_offset[2]:  576, xstate_sizes[2]:  256
[    0.000000] x86/fpu: Supporting XSAVE feature 0x01: 'x87 floating point registers'
[    0.000000] x86/fpu: Supporting XSAVE feature 0x02: 'SSE registers'
[    0.000000] x86/fpu: Supporting XSAVE feature 0x04: 'AVX registers'
[    0.000000] x86/fpu: Enabled xstate features 0x7, context size is 832 bytes, using 'standard' format.
[    0.000000] x86/fpu: Using 'lazy' FPU context switches.
[    0.000000] e820: BIOS-provided physical RAM map:
[    0.000000] BIOS-e820: [mem 0x0000000000000000-0x000000000009fbff] usable
[    0.000000] BIOS-e820: [mem 0x000000000009fc00-0x000000000009ffff] reserved
[    0.000000] BIOS-e820: [mem 0x00000000000f0000-0x00000000000fffff] reserved
[    0.000000] BIOS-e820: [mem 0x0000000000100000-0x000000003ffeffff] usable
[    0.000000] BIOS-e820: [mem 0x000000003fff0000-0x000000003fffffff] ACPI data
[    0.000000] BIOS-e820: [mem 0x00000000fec00000-0x00000000fec00fff] reserved
[    0.000000] BIOS-e820: [mem 0x00000000fee00000-0x00000000fee00fff] reserved
[    0.000000] BIOS-e820: [mem 0x00000000fffc0000-0x00000000ffffffff] reserved
[    0.000000] NX (Execute Disable) protection: active
[    0.000000] SMBIOS 2.5 present.
[    0.000000] Hypervisor detected: KVM
[    0.000000] e820: last_pfn = 0x3fff0 max_arch_pfn = 0x400000000
[    0.000000] MTRR: Disabled
[    0.000000] x86/PAT: MTRRs disabled, skipping PAT initialization too.
[    0.000000] CPU MTRRs all blank - virtualized system.
[    0.000000] x86/PAT: Configuration [0-7]: WB  WT  UC- UC  WB  WT  UC- UC  
[    0.000000] found SMP MP-table at [mem 0x0009fff0-0x0009ffff] mapped at [ffff88000009fff0]
[    0.000000] Scanning 1 areas for low memory corruption
[    0.000000] RAMDISK: [mem 0x36ad4000-0x37561fff]
[    0.000000] ACPI: Early table checksum verification disabled
[    0.000000] ACPI: RSDP 0x00000000000E0000 000024 (v02 VBOX  )
[    0.000000] ACPI: XSDT 0x000000003FFF0030 00003C (v01 VBOX   VBOXXSDT 00000001 ASL  00000061)
[    0.000000] ACPI: FACP 0x000000003FFF00F0 0000F4 (v04 VBOX   VBOXFACP 00000001 ASL  00000061)
[    0.000000] ACPI: DSDT 0x000000003FFF0470 0021FF (v02 VBOX   VBOXBIOS 00000002 INTL 20160108)
[    0.000000] ACPI: FACS 0x000000003FFF0200 000040
[    0.000000] ACPI: FACS 0x000000003FFF0200 000040
[    0.000000] ACPI: APIC 0x000000003FFF0240 00005C (v02 VBOX   VBOXAPIC 00000001 ASL  00000061)
[    0.000000] ACPI: SSDT 0x000000003FFF02A0 0001CC (v01 VBOX   VBOXCPUT 00000002 INTL 20160108)
[    0.000000] No NUMA configuration found
[    0.000000] Faking a node at [mem 0x0000000000000000-0x000000003ffeffff]
[    0.000000] NODE_DATA(0) allocated [mem 0x3ffeb000-0x3ffeffff]
[    0.000000] kvm-clock: Using msrs 4b564d01 and 4b564d00
[    0.000000] kvm-clock: cpu 0, msr 0:3ffe3001, primary cpu clock
[    0.000000] kvm-clock: using sched offset of 3830788230 cycles
[    0.000000] clocksource: kvm-clock: mask: 0xffffffffffffffff max_cycles: 0x1cd42e4dffb, max_idle_ns: 881590591483 ns
[    0.000000] Zone ranges:
[    0.000000]   DMA      [mem 0x0000000000001000-0x0000000000ffffff]
[    0.000000]   DMA32    [mem 0x0000000001000000-0x000000003ffeffff]
[    0.000000]   Normal   empty
[    0.000000]   Device   empty
[    0.000000] Movable zone start for each node
[    0.000000] Early memory node ranges
[    0.000000]   node   0: [mem 0x0000000000001000-0x000000000009efff]
[    0.000000]   node   0: [mem 0x0000000000100000-0x000000003ffeffff]
[    0.000000] Initmem setup node 0 [mem 0x0000000000001000-0x000000003ffeffff]
[    0.000000] ACPI: PM-Timer IO Port: 0x4008
[    0.000000] IOAPIC[0]: apic_id 2, version 32, address 0xfec00000, GSI 0-23
[    0.000000] ACPI: INT_SRC_OVR (bus 0 bus_irq 0 global_irq 2 dfl dfl)
[    0.000000] ACPI: INT_SRC_OVR (bus 0 bus_irq 9 global_irq 9 high level)
[    0.000000] Using ACPI (MADT) for SMP configuration information
[    0.000000] smpboot: Allowing 2 CPUs, 0 hotplug CPUs
[    0.000000] PM: Registered nosave memory: [mem 0x00000000-0x00000fff]
[    0.000000] PM: Registered nosave memory: [mem 0x0009f000-0x0009ffff]
[    0.000000] PM: Registered nosave memory: [mem 0x000a0000-0x000effff]
[    0.000000] PM: Registered nosave memory: [mem 0x000f0000-0x000fffff]
[    0.000000] e820: [mem 0x40000000-0xfebfffff] available for PCI devices
[    0.000000] Booting paravirtualized kernel on KVM
[    0.000000] clocksource: refined-jiffies: mask: 0xffffffff max_cycles: 0xffffffff, max_idle_ns: 7645519600211568 ns
[    0.000000] setup_percpu: NR_CPUS:512 nr_cpumask_bits:512 nr_cpu_ids:2 nr_node_ids:1
[    0.000000] PERCPU: Embedded 34 pages/cpu @ffff88003fc00000 s98328 r8192 d32744 u1048576
[    0.000000] PV qspinlock hash table entries: 256 (order: 0, 4096 bytes)
[    0.000000] Built 1 zonelists in Node order, mobility grouping on.  Total pages: 257913
[    0.000000] Policy zone: DMA32
[    0.000000] Kernel command line: BOOT_IMAGE=/boot/vmlinuz-4.4.0-101-generic root=LABEL=cloudimg-rootfs ro console=tty1 console=ttyS0
[    0.000000] PID hash table entries: 4096 (order: 3, 32768 bytes)
[    0.000000] Memory: 1001756K/1048120K available (8484K kernel code, 1294K rwdata, 3988K rodata, 1492K init, 1316K bss, 46364K reserved, 0K cma-reserved)
[    0.000000] SLUB: HWalign=64, Order=0-3, MinObjects=0, CPUs=2, Nodes=1
[    0.000000] Hierarchical RCU implementation.
[    0.000000] 	Build-time adjustment of leaf fanout to 64.
[    0.000000] 	RCU restricting CPUs from NR_CPUS=512 to nr_cpu_ids=2.
[    0.000000] RCU: Adjusting geometry for rcu_fanout_leaf=64, nr_cpu_ids=2
[    0.000000] NR_IRQS:33024 nr_irqs:440 16
[    0.000000] Console: colour VGA+ 80x25
[    0.000000] console [tty1] enabled
[    0.000000] console [ttyS0] enabled
[    0.000000] tsc: Detected 2294.784 MHz processor
[    0.985206] Calibrating delay loop (skipped) preset value.. 4589.56 BogoMIPS (lpj=9179136)
[    0.993826] pid_max: default: 32768 minimum: 301
[    0.995340] ACPI: Core revision 20150930
[    1.006489] ACPI: 2 ACPI AML tables successfully acquired and loaded
[    1.012080] Security Framework initialized
[    1.014220] Yama: becoming mindful.
[    1.028235] AppArmor: AppArmor initialized
[    1.031537] Dentry cache hash table entries: 131072 (order: 8, 1048576 bytes)
[    1.040492] Inode-cache hash table entries: 65536 (order: 7, 524288 bytes)
[    1.043849] Mount-cache hash table entries: 2048 (order: 2, 16384 bytes)
[    1.048257] Mountpoint-cache hash table entries: 2048 (order: 2, 16384 bytes)
[    1.060790] Initializing cgroup subsys io
[    1.087255] Initializing cgroup subsys memory
[    1.108195] Initializing cgroup subsys devices
[    1.109367] Initializing cgroup subsys freezer
[    1.112980] Initializing cgroup subsys net_cls
[    1.136688] Initializing cgroup subsys perf_event
[    1.143785] Initializing cgroup subsys net_prio
[    1.149208] Initializing cgroup subsys hugetlb
[    1.150831] Initializing cgroup subsys pids
[    1.152572] CPU: Physical Processor ID: 0
[    1.187646] CPU: Processor Core ID: 0
[    1.205594] mce: CPU supports 0 MCE banks
[    1.216232] Last level iTLB entries: 4KB 512, 2MB 8, 4MB 8
[    1.234611] Last level dTLB entries: 4KB 512, 2MB 32, 4MB 32, 1GB 0
[    1.283787] Freeing SMP alternatives memory: 32K
[    1.320321] ftrace: allocating 32156 entries in 126 pages
[    1.393354] smpboot: APIC(0) Converting physical 0 to logical package 0
[    1.403224] smpboot: Max logical packages: 1
[    1.406065] x2apic enabled
[    1.426211] Switched APIC routing to physical x2apic.
[    1.450312] ..TIMER: vector=0x30 apic1=0 pin1=2 apic2=-1 pin2=-1
[    1.559388] smpboot: CPU0: Intel(R) Core(TM) i3-2350M CPU @ 2.30GHz (family: 0x6, model: 0x2a, stepping: 0x7)
[    1.564033] Performance Events: unsupported p6 CPU model 42 no PMU driver, software events only.
[    1.566892] KVM setup paravirtual spinlock
[    1.569087] x86: Booting SMP configuration:
[    1.572186] .... node  #0, CPUs:      #1
[    1.573610] kvm-clock: cpu 1, msr 0:3ffe3041, secondary cpu clock
[    1.578992] mce: CPU supports 0 MCE banks
[    1.581620] x86: Booted up 1 node, 2 CPUs
[    1.584257] smpboot: Total of 2 processors activated (9179.13 BogoMIPS)
[    1.586656] devtmpfs: initialized
[    1.591066] evm: security.selinux
[    1.593326] evm: security.SMACK64
[    1.594497] evm: security.SMACK64EXEC
[    1.595732] evm: security.SMACK64TRANSMUTE
[    1.597036] evm: security.SMACK64MMAP
[    1.598260] evm: security.ima
[    1.599279] evm: security.capability
[    1.600767] clocksource: jiffies: mask: 0xffffffff max_cycles: 0xffffffff, max_idle_ns: 7645041785100000 ns
[    1.609004] futex hash table entries: 512 (order: 3, 32768 bytes)
[    1.614899] pinctrl core: initialized pinctrl subsystem
[    1.631836] RTC time: 20:56:41, date: 10/11/18
[    1.647226] NET: Registered protocol family 16
[    1.667779] cpuidle: using governor ladder
[    1.691168] cpuidle: using governor menu
[    1.698731] PCCT header not found.
[    1.701097] ACPI: bus type PCI registered
[    1.707723] acpiphp: ACPI Hot Plug PCI Controller Driver version: 0.5
[    1.716187] PCI: Using configuration type 1 for base access
[    1.780682] ACPI: Added _OSI(Module Device)
[    1.787362] ACPI: Added _OSI(Processor Device)
[    1.788861] ACPI: Added _OSI(3.0 _SCP Extensions)
[    1.796515] ACPI: Added _OSI(Processor Aggregator Device)
[    1.799207] ACPI: Executed 1 blocks of module-level executable AML code
[    1.804861] ACPI: Interpreter enabled
[    1.807151] ACPI: (supports S0 S5)
[    1.808271] ACPI: Using IOAPIC for interrupt routing
[    1.810049] PCI: Using host bridge windows from ACPI; if necessary, use "pci=nocrs" and report a bug
[    1.822602] ACPI: PCI Root Bridge [PCI0] (domain 0000 [bus 00-ff])
[    1.825470] acpi PNP0A03:00: _OSC: OS supports [ASPM ClockPM Segments MSI]
[    1.827444] acpi PNP0A03:00: _OSC: not requesting OS control; OS requires [ExtendedConfig ASPM ClockPM MSI]
[    1.830337] acpi PNP0A03:00: fail to add MMCONFIG information, can't access extended PCI configuration space under this bridge.
[    1.839355] PCI host bridge to bus 0000:00
[    1.847338] pci_bus 0000:00: root bus resource [io  0x0000-0x0cf7 window]
[    1.854498] pci_bus 0000:00: root bus resource [io  0x0d00-0xffff window]
[    1.856448] pci_bus 0000:00: root bus resource [mem 0x000a0000-0x000bffff window]
[    1.859975] pci_bus 0000:00: root bus resource [mem 0x40000000-0xffdfffff window]
[    1.862273] pci_bus 0000:00: root bus resource [bus 00-ff]
[    1.865945] pci 0000:00:01.1: legacy IDE quirk: reg 0x10: [io  0x01f0-0x01f7]
[    1.867967] pci 0000:00:01.1: legacy IDE quirk: reg 0x14: [io  0x03f6]
[    1.875140] pci 0000:00:01.1: legacy IDE quirk: reg 0x18: [io  0x0170-0x0177]
[    1.877176] pci 0000:00:01.1: legacy IDE quirk: reg 0x1c: [io  0x0376]
[    1.909278] pci 0000:00:07.0: quirk: [io  0x4000-0x403f] claimed by PIIX4 ACPI
[    1.994909] pci 0000:00:07.0: quirk: [io  0x4100-0x410f] claimed by PIIX4 SMB
[    2.007005] ACPI: PCI Interrupt Link [LNKA] (IRQs 5 9 10 *11)
[    2.024095] ACPI: PCI Interrupt Link [LNKB] (IRQs 5 9 10 *11)
[    2.028124] ACPI: PCI Interrupt Link [LNKC] (IRQs 5 9 *10 11)
[    2.030454] ACPI: PCI Interrupt Link [LNKD] (IRQs 5 *9 10 11)
[    2.040288] ACPI: Enabled 2 GPEs in block 00 to 07
[    2.048050] vgaarb: setting as boot device: PCI:0000:00:02.0
[    2.060530] vgaarb: device added: PCI:0000:00:02.0,decodes=io+mem,owns=io+mem,locks=none
[    2.128811] vgaarb: loaded
[    2.155514] vgaarb: bridge control possible 0000:00:02.0
[    2.193025] SCSI subsystem initialized
[    2.209453] ACPI: bus type USB registered
[    2.214675] usbcore: registered new interface driver usbfs
[    2.257976] usbcore: registered new interface driver hub
[    2.336248] usbcore: registered new device driver usb
[    2.349741] PCI: Using ACPI for IRQ routing
[    2.351621] NetLabel: Initializing
[    2.354881] NetLabel:  domain hash size = 128
[    2.360861] NetLabel:  protocols = UNLABELED CIPSOv4
[    2.365449] NetLabel:  unlabeled traffic allowed by default
[    2.367366] amd_nb: Cannot enumerate AMD northbridges
[    2.377008] clocksource: Switched to clocksource kvm-clock
[    2.387747] AppArmor: AppArmor Filesystem Enabled
[    2.428792] pnp: PnP ACPI init
[    2.430616] pnp: PnP ACPI: found 3 devices
[    2.449986] clocksource: acpi_pm: mask: 0xffffff max_cycles: 0xffffff, max_idle_ns: 2085701024 ns
[    2.558487] NET: Registered protocol family 2
[    2.598098] TCP established hash table entries: 8192 (order: 4, 65536 bytes)
[    2.614280] TCP bind hash table entries: 8192 (order: 5, 131072 bytes)
[    2.635224] TCP: Hash tables configured (established 8192 bind 8192)
[    2.636643] UDP hash table entries: 512 (order: 2, 16384 bytes)
[    2.639132] UDP-Lite hash table entries: 512 (order: 2, 16384 bytes)
[    2.640542] NET: Registered protocol family 1
[    2.643449] pci 0000:00:00.0: Limiting direct PCI/PCI transfers
[    2.644758] pci 0000:00:01.0: Activating ISA DMA hang workarounds
[    2.646932] Unpacking initramfs...
[    5.188612] Freeing initrd memory: 10808K
[    5.214104] RAPL PMU detected, API unit is 2^-32 Joules, 3 fixed counters 10737418240 ms ovfl timer
[    5.233140] hw unit of domain pp0-core 2^-0 Joules
[    5.234584] hw unit of domain package 2^-0 Joules
[    5.280905] hw unit of domain pp1-gpu 2^-0 Joules
[    5.282467] platform rtc_cmos: registered platform RTC device (no PNP device found)
[    5.284975] Scanning for low memory corruption every 60 seconds
[    5.287514] audit: initializing netlink subsys (disabled)
[    5.330393] audit: type=2000 audit(1539291408.573:1): initialized
[    5.449435] Initialise system trusted keyring
[    5.489392] HugeTLB registered 2 MB page size, pre-allocated 0 pages
[    5.500603] zbud: loaded
[    5.503128] VFS: Disk quotas dquot_6.6.0
[    5.508308] VFS: Dquot-cache hash table entries: 512 (order 0, 4096 bytes)
[    5.510722] squashfs: version 4.0 (2009/01/31) Phillip Lougher
[    5.539518] fuse init (API version 7.23)
[    5.571465] Key type big_key registered
[    5.585572] Allocating IMA MOK and blacklist keyrings.
[    5.589262] Key type asymmetric registered
[    5.596354] Asymmetric key parser 'x509' registered
[    5.630300] Block layer SCSI generic (bsg) driver version 0.4 loaded (major 249)
[    5.839450] io scheduler noop registered
[    5.850222] io scheduler deadline registered (default)
[    5.899464] io scheduler cfq registered
[    5.938950] pci_hotplug: PCI Hot Plug PCI Core version: 0.5
[    5.940267] pciehp: PCI Express Hot Plug Controller Driver version: 0.4
[    5.941901] ACPI: AC Adapter [AC] (on-line)
[    5.989316] input: Power Button as /devices/LNXSYSTM:00/LNXPWRBN:00/input/input0
[    5.991123] ACPI: Power Button [PWRF]
[    5.995191] input: Sleep Button as /devices/LNXSYSTM:00/LNXSLPBN:00/input/input1
[    6.019169] ACPI: Sleep Button [SLPF]
[    6.038595] GHES: HEST is not enabled!
[    6.039813] ACPI: Battery Slot [BAT0] (battery present)
[    6.041389] Serial: 8250/16550 driver, 32 ports, IRQ sharing enabled
[    6.072154] 00:02: ttyS0 at I/O 0x3f8 (irq = 4, base_baud = 115200) is a 16550A
[    6.131411] Linux agpgart interface v0.103
[    6.244255] loop: module loaded
[    6.285132] tsc: Refined TSC clocksource calibration: 2294.865 MHz
[    6.285136] clocksource: tsc: mask: 0xffffffffffffffff max_cycles: 0x21144227dee, max_idle_ns: 440795207008 ns
[    6.702628] scsi host0: ata_piix
[    6.708711] scsi host1: ata_piix
[    6.710180] ata1: PATA max UDMA/33 cmd 0x1f0 ctl 0x3f6 bmdma 0xd000 irq 14
[    6.749251] ata2: PATA max UDMA/33 cmd 0x170 ctl 0x376 bmdma 0xd008 irq 15
[    6.879748] libphy: Fixed MDIO Bus: probed
[    6.899628] tun: Universal TUN/TAP device driver, 1.6
[    6.901169] tun: (C) 1999-2004 Max Krasnyansky <maxk@qualcomm.com>
[    6.903106] PPP generic driver version 2.4.2
[    6.904556] ehci_hcd: USB 2.0 'Enhanced' Host Controller (EHCI) Driver
[    6.906494] ehci-pci: EHCI PCI platform driver
[    6.907895] ehci-platform: EHCI generic platform driver
[    6.909466] ohci_hcd: USB 1.1 'Open' Host Controller (OHCI) Driver
[    6.911332] ohci-pci: OHCI PCI platform driver
[    6.912719] ohci-platform: OHCI generic platform driver
[    6.914351] uhci_hcd: USB Universal Host Controller Interface driver
[    6.916278] i8042: PNP: PS/2 Controller [PNP0303:PS2K,PNP0f03:PS2M] at 0x60,0x64 irq 1,12
[    6.919933] serio: i8042 KBD port at 0x60,0x64 irq 1
[    7.148906] serio: i8042 AUX port at 0x60,0x64 irq 12
[    7.339061] mousedev: PS/2 mouse device common for all mice
[    7.350909] input: AT Translated Set 2 keyboard as /devices/platform/i8042/serio0/input/input2
[    7.390469] rtc_cmos rtc_cmos: rtc core: registered rtc_cmos as rtc0
[    7.610629] rtc_cmos rtc_cmos: alarms up to one day, 114 bytes nvram
[    7.616747] i2c /dev entries driver
[    7.619020] device-mapper: uevent: version 1.0.3
[    7.621407] device-mapper: ioctl: 4.34.0-ioctl (2015-10-28) initialised: dm-devel@redhat.com
[    7.707079] ledtrig-cpu: registered to indicate activity on CPUs
[    7.719886] NET: Registered protocol family 10
[    7.729274] NET: Registered protocol family 17
[    7.762046] Key type dns_resolver registered
[    7.764104] microcode: CPU0 sig=0x206a7, pf=0x10, revision=0x0
[    7.771594] microcode: CPU1 sig=0x206a7, pf=0x10, revision=0x0
[    7.786510] microcode: Microcode Update Driver: v2.01 <tigran@aivazian.fsnet.co.uk>, Peter Oruba
[    7.795039] registered taskstats version 1
[    7.797673] Loading compiled-in X.509 certificates
[    7.800122] Loaded X.509 cert 'Build time autogenerated kernel key: f91c6829a34a801956ec6287af569c0a1f1f8d39'
[    7.808418] zswap: loaded using pool lzo/zbud
[    7.815845] Key type trusted registered
[    7.823473] Key type encrypted registered
[    7.848023] AppArmor: AppArmor sha1 policy hashing enabled
[    7.881717] ima: No TPM chip found, activating TPM-bypass!
[    7.894184] evm: HMAC attrs: 0x1
[    7.895409]   Magic number: 6:863:952
[    7.896346] tty tty9: hash matches
[    7.897267] memory memory5: hash matches
[    7.898364] rtc_cmos rtc_cmos: setting system clock to 2018-10-11 20:56:47 UTC (1539291407)
[    7.954051] BIOS EDD facility v0.16 2004-Jun-25, 0 devices found
[    7.989687] EDD information not available.
[    8.020744] Freeing unused kernel memory: 1492K
[    8.027121] Write protecting the kernel read-only data: 14336k
[    8.029165] Freeing unused kernel memory: 1744K
[    8.038426] Freeing unused kernel memory: 108K
Loading, please wait...
starting version[    8.084438] random: systemd-udevd: uninitialized urandom read (16 bytes read, 4 bits of entropy available)
 229
[    8.085805] random: udevadm: uninitialized urandom read (16 bytes read, 4 bits of entropy available)
[    8.085844] random: udevadm: uninitialized urandom read (16 bytes read, 4 bits of entropy available)
[    8.102801] random: udevadm: uninitialized urandom read (16 bytes read, 4 bits of entropy available)
[    8.102878] random: udevadm: uninitialized urandom read (16 bytes read, 4 bits of entropy available)
[    8.103113] random: udevadm: uninitialized urandom read (16 bytes read, 4 bits of entropy available)
[    8.103205] random: udevadm: uninitialized urandom read (16 bytes read, 4 bits of entropy available)
[    8.103300] random: udevadm: uninitialized urandom read (16 bytes read, 4 bits of entropy available)
[    8.103388] random: udevadm: uninitialized urandom read (16 bytes read, 4 bits of entropy available)
[    8.103480] random: udevadm: uninitialized urandom read (16 bytes read, 4 bits of entropy available)
[    8.273915] e1000: Intel(R) PRO/1000 Network Driver - version 7.3.21-k8-NAPI
[    8.287450] e1000: Copyright (c) 1999-2006 Intel Corporation.
[    8.295763] Fusion MPT base driver 3.04.20
[    8.298546] Copyright (c) 1999-2008 LSI Corporation
[    8.315613] Fusion MPT SPI Host driver 3.04.20
[    8.333569] mptbase: ioc0: Initiating bringup
[    8.401707] ioc0: LSI53C1030 A0: Capabilities={Initiator}
[    8.553196] input: ImExPS/2 Generic Explorer Mouse as /devices/platform/i8042/serio1/input/input4
[    8.791523] scsi host2: ioc0: LSI53C1030 A0, FwRev=00000000h, Ports=1, MaxQ=256, IRQ=20
[    8.910741] scsi 2:0:0:0: Direct-Access     VBOX     HARDDISK         1.0  PQ: 0 ANSI: 5
[    8.952952] scsi target2:0:0: Beginning Domain Validation
[    8.963846] scsi target2:0:0: Domain Validation skipping write tests
[    8.979337] scsi target2:0:0: Ending Domain Validation
[    8.985231] scsi target2:0:0: asynchronous
[    9.006449] scsi 2:0:1:0: Direct-Access     VBOX     HARDDISK         1.0  PQ: 0 ANSI: 5
[    9.009101] scsi target2:0:1: Beginning Domain Validation
[    9.012708] scsi target2:0:1: Domain Validation skipping write tests
[    9.044570] scsi target2:0:1: Ending Domain Validation
[    9.047448] scsi target2:0:1: asynchronous
[    9.062323] sd 2:0:0:0: Attached scsi generic sg0 type 0
[    9.065254] sd 2:0:0:0: [sda] 20971520 512-byte logical blocks: (10.7 GB/10.0 GiB)
[    9.068391] sd 2:0:1:0: Attached scsi generic sg1 type 0
[    9.070202] sd 2:0:0:0: [sda] Write Protect is off
[    9.071939] sd 2:0:0:0: [sda] Incomplete mode parameter data
[    9.073727] sd 2:0:0:0: [sda] Assuming drive cache: write through
[    9.074790] sd 2:0:1:0: [sdb] 20480 512-byte logical blocks: (10.5 MB/10.0 MiB)
[    9.079653] sd 2:0:1:0: [sdb] Write Protect is off
[    9.084398] sd 2:0:1:0: [sdb] Incomplete mode parameter data
[    9.084399] sd 2:0:1:0: [sdb] Assuming drive cache: write through
[    9.106910]  sda: sda1
[    9.114487] sd 2:0:0:0: [sda] Attached SCSI disk
[    9.139239] sd 2:0:1:0: [sdb] Attached SCSI disk
[    9.315302] e1000 0000:00:03.0 eth0: (PCI:33MHz:32-bit) 02:b9:83:f0:a4:db
[    9.324837] e1000 0000:00:03.0 eth0: Intel(R) PRO/1000 Network Connection
[    9.330591] e1000 0000:00:03.0 enp0s3: renamed from eth0
[   11.289332] floppy0: no floppy controllers found
Begin: Loading e[   12.817914] md: linear personality registered for level -1
ssential drivers ... [   12.946967] md: multipath personality registered for level -4
[   13.083429] md: raid0 personality registered for level 0
[   13.098959] md: raid1 personality registered for level 1
[   13.209432] raid6: sse2x1   gen()  3984 MB/s
[   13.282074] raid6: sse2x1   xor()  4691 MB/s
[   13.358439] raid6: sse2x2   gen()  7359 MB/s
[   13.430067] raid6: sse2x2   xor()  5266 MB/s
[   13.503472] raid6: sse2x4   gen()  8215 MB/s
[   13.625398] raid6: sse2x4   xor()  5872 MB/s
[   13.649988] raid6: using algorithm sse2x4 gen() 8215 MB/s
[   13.688853] raid6: .... xor() 5872 MB/s, rmw enabled
[   13.868937] raid6: using ssse3x2 recovery algorithm
[   13.971522] xor: automatically using best checksumming function:
[   14.037546]    avx       : 37536.000 MB/sec
[   14.061479] async_tx: api initialized (async)
[   14.264410] md: raid6 personality registered for level 6
[   14.326771] md: raid5 personality registered for level 5
[   14.328352] md: raid4 personality registered for level 4
[   14.338600] md: raid10 personality registered for level 10
done.
Begin: Running /scripts/init-premount ... done.
Begin: Mounting root file system ... Begin: Running /scripts/local-top ... done.
Begin: Running /scripts/local-premount ... [   14.391394] Btrfs loaded
Scanning for Btrfs filesystems
done.
Warning: fsck not present, so skipping root file system
[   14.506946] EXT4-fs (sda1): mounted filesystem with ordered data mode. Opts: (null)
done.
Begin: Running /scripts/local-bottom ... done.
Begin: Running /scripts/init-bottom ... done.
[   15.301682] systemd[1]: systemd 229 running in system mode. (+PAM +AUDIT +SELINUX +IMA +APPARMOR +SMACK +SYSVINIT +UTMP +LIBCRYPTSETUP +GCRYPT +GNUTLS +ACL +XZ -LZ4 +SECCOMP +BLKID +ELFUTILS +KMOD -IDN)
[   15.325757] systemd[1]: Detected virtualization oracle.
[   15.327682] systemd[1]: Detected architecture x86-64.

Welcome to [1mUbuntu 16.04.3 LTS[0m!

[   15.391832] systemd[1]: Set hostname to <ubuntu-xenial>.
[   15.454101] random: nonblocking pool is initialized
[   16.650577] systemd[1]: Reached target Swap.
[[0;32m  OK  [0m] Reached target Swap.
[   16.664609] systemd[1]: Reached target User and Group Name Lookups.
[[0;32m  OK  [0m] Reached target User and Group Name Lookups.
[   16.701532] systemd[1]: Listening on /dev/initctl Compatibility Named Pipe.
[[0;32m  OK  [0m] Listening on /dev/initctl Compatibility Named Pipe.
[   16.744847] systemd[1]: Listening on Journal Socket.
[[0;32m  OK  [0m] Listening on Journal Socket.
[   16.749528] systemd[1]: Started Trigger resolvconf update for networkd DNS.
[[0;32m  OK  [0m] Started Trigger resolvconf update for networkd DNS.
[   16.754809] systemd[1]: Listening on Journal Audit Socket.
[[0;32m  OK  [0m] Listening on Journal Audit Socket.
[   16.759078] systemd[1]: Listening on udev Control Socket.
[[0;32m  OK  [0m] Listening on udev Control Socket.
[   16.763142] systemd[1]: Reached target Encrypted Volumes.
[[0;32m  OK  [0m] Reached target Encrypted Volumes.
[   16.767180] systemd[1]: Listening on Journal Socket (/dev/log).
[[0;32m  OK  [0m] Listening on Journal Socket (/dev/log).
[   16.771605] systemd[1]: Created slice User and Session Slice.
[[0;32m  OK  [0m] Created slice User and Session Slice.
[   16.776817] systemd[1]: Listening on LVM2 poll daemon socket.
[[0;32m  OK  [0m] Listening on LVM2 poll daemon socket.
[   16.797850] systemd[1]: Listening on Syslog Socket.
[[0;32m  OK  [0m] Listening on Syslog Socket.
[   16.804648] systemd[1]: Listening on udev Kernel Socket.
[[0;32m  OK  [0m] Listening on udev Kernel Socket.
[   16.808531] systemd[1]: Created slice System Slice.
[[0;32m  OK  [0m] Created slice System Slice.
[   16.821360] systemd[1]: Starting Uncomplicated firewall...
         Starting Uncomplicated firewall...
[   16.834037] systemd[1]: Starting Journal Service...
         Starting Journal Service...
[   16.843773] systemd[1]: Mounting Huge Pages File System...
         Mounting Huge Pages File System...
[   16.917430] systemd[1]: Starting Remount Root and Kernel File Systems...
         Starting Remount Root and Kernel File Systems...
[   16.939904] systemd[1]: Starting Nameserver information manager...
         Starting Nameserver information manager...
[   16.972400] systemd[1]: Starting Create list of required static device nodes for the current kernel...
         Starting Create list of required st... nodes for the current kernel...
[   17.038408] systemd[1]: Starting Load Kernel Modules...
         Starting Load Kernel Modules...
[   17.169733] systemd[1]: Created slice system-serial\x2dgetty.slice.
[   17.209418] Loading iSCSI transport class v2.0-870.
[[0;32m  OK  [[   17.214478] EXT4-fs (sda1): re-mounted. Opts: (null)
0m] Created slice system-serial\x2dgetty.slice.
[   17.270049] systemd[1]: Reached target Slices.
[[0;32m  OK  [[   17.283502] iscsi: registered transport (tcp)
0m] Reached target Slices.
[   17.301496] systemd[1]: Starting Set console keymap...
         Starting Set console keymap...
[   17.354456] systemd[1]: Mounting Debug File System...
         Mounting Debug File System...
[   17.372236] systemd[1]: Listening on Device-mapper event daemon FIFOs.
[[0;32m  OK  [0m] Listening on Device-mapper event daemon FIFOs.
[   17.375463] systemd[1]: Started Forward Password Requests to Wall Directory Watch.
[[0;32m  OK  [0m] Started Forward Password Requests to Wall Directory Watch.
[   17.381477] systemd[1]: Listening on LVM2 metadata daemon socket.
[[0;32m  OK  [0m] Listening on LVM2 metadata daemon socket.
[   17.401370] systemd[1]: Starting Monitoring of LVM2 mirrors, snapshots etc. using dmeventd or progress polling...
         Starting Monitoring of LVM2 mirrors... dmeventd or progress polling...
[   17.422699] systemd[1]: Set up automount Arbitrary Executable File Formats File System Automount Point.
[[0;32m  OK  [0m] Set up automount Arbitrary Executab...ats File System Automount Point.
[   17.526567] iscsi: registered transport (iser)
[   17.553238] systemd[1]: Mounting POSIX Message Queue File System...
         Mounting POSIX Message Queue File System...
[   17.725640] systemd[1]: Mounted POSIX Message Queue File System.
[[0;32m  OK  [0m] Mounted POSIX Message Queue File System.
[   17.832221] systemd[1]: Mounted Huge Pages File System.
[[0;32m  OK  [0m] Mounted Huge Pages File System.
[   17.835829] systemd[1]: Mounted Debug File System.
[[0;32m  OK  [0m] Mounted Debug File System.
[   17.840149] systemd[1]: Started Journal Service.
[[0;32m  OK  [0m] Started Journal Service.
[[0;32m  OK  [0m] Started Uncomplicated firewall.
[[0;32m  OK  [0m] Started Remount Root and Kernel File Systems.
[[0;32m  OK  [0m] Started Create list of required sta...ce nodes for the current kernel.
[[0;32m  OK  [0m] Started Load Kernel Modules.
[[0;32m  OK  [0m] Started Set console keymap.
[[0;32m  OK  [0m] Started Nameserver information manager.
[[0;32m  OK  [0m] Started LVM2 metadata daemon.
         Starting Apply Kernel Variables...
         Mounting FUSE Control File System...
         Starting Create Static Device Nodes in /dev...
         Starting udev Coldplug all Devices...
         Starting Initial cloud-init job (pre-networking)...
         Starting Load/Save Random Seed...
         Starting Flush Journal to Persistent Storage...
[[0;32m  OK  [0m] Mounted FUSE Control File System.
[[0;32m  OK  [0m] Started Apply Kernel Variables.
[[0;32m  OK  [0m] Started Load/Save Random Seed.
[[0;32m  OK  [0m] Started udev Coldplug all Devices.
[[0;32m  OK  [0m] Started Flush Journal to Persistent Storage.
[[0;32m  OK  [0m] Started Create Static Device Nodes in /dev.
         Starting udev Kernel Device Manager...
[[0;32m  OK  [0m] Started Monitoring of LVM2 mirrors,...ng dmeventd or progress polling.
[[0;32m  OK  [0m] Started udev Kernel Device Manager.
[[0;32m  OK  [0m] Reached target Local File Systems (Pre).
[[0;32m  OK  [0m] Reached target Local File Systems.
         Starting Tell Plymouth To Write Out Runtime Data...
         Starting Set console font and keymap...
         Starting Create Volatile Files and Directories...
         Starting LSB: AppArmor initialization...
[[0;32m  OK  [0m] Started Dispatch Password Requests to Console Directory Watch.
[[0;32m  OK  [0m] Started Tell Plymouth To Write Out Runtime Data.
[[0;32m  OK  [0m] Started Create Volatile Files and Directories.
         Starting Update UTMP about System Boot/Shutdown...
[[0;32m  OK  [0m] Reached target System Time Synchronized.
[[0;32m  OK  [0m] Started Update UTMP about System Boot/Shutdown.
[[0;32m  OK  [0m] Found device /dev/ttyS0.
[[0;32m  OK  [0m] Found device 82540EM Gigabit Ethern...r (PRO/1000 MT Desktop Adapter).
[[0;32m  OK  [0m] Started Set console font and keymap.
[[0;32m  OK  [0m] Created slice system-getty.slice.
[[0;32m  OK  [0m] Listening on Load/Save RF Kill Switch Status /dev/rfkill Watch.
[[0;32m  OK  [0m] Started LSB: AppArmor initialization.
[   22.403027] cloud-init[433]: Cloud-init v. 17.1 running 'init-local' at Thu, 11 Oct 2018 20:57:03 +0000. Up 21.64 seconds.
[[0;32m  OK  [0m] Started Initial cloud-init job (pre-networking).
[[0;32m  OK  [0m] Reached target Network (Pre).
[[0;32m  OK  [0m] Started ifup for enp0s3.
         Starting Raise network interfaces...
[[0;32m  OK  [0m] Started Raise network interfaces.
[[0;32m  OK  [0m] Reached target Network.
         Starting Initial cloud-init job (metadata service crawler)...
[   24.553260] cloud-init[960]: Cloud-init v. 17.1 running 'init' at Thu, 11 Oct 2018 20:57:04 +0000. Up 23.41 seconds.
[   24.604809] cloud-init[960]: ci-info: +++++++++++++++++++++++++++++++++++++Net device info++++++++++++++++++++++++++++++++++++++
[   24.613702] cloud-init[960]: ci-info: +--------+------+----------------------------+---------------+-------+-------------------+
[[0;32m  OK  [0m] Started Initial cloud-init job (metadata service crawler).
[   24.632800] cloud-init[960]: ci-info: | Device |  Up  |          Address           |      Mask     | Scope |     Hw-Address    |
[   24.694253] [cloud-init[0;32m  OK  [0m[960]: ] ci-info: +--------+------+----------------------------+---------------+-------+-------------------+Reached target Network is Online.

[   24.701602] cloud-init[960]: ci-info: | enp0s3 | True |         10.0.2.15          | 255.255.255.0 |   .   | 02:b9:83:f0:a4:db |
[   24.707953]          cloud-initStarting iSCSI initiator daemon (iscsid)...[960]: 
ci-info: | enp0s3 | True | fe80::b9:83ff:fef0:a4db/64 |       .       |  link | 02:b9:83:f0:a4:db |
[   24.772957] [cloud-init[0;32m  OK  [0m[960]: ] ci-info: |   lo   | True |         127.0.0.1          |   255.0.0.0   |   .   |         .         |Reached target System Initialization.

[   24.773817] cloud-init[960]: ci-info: |   lo   | True |          ::1/128           |       .       |  host |         .         |
[   24.782026] cloud-init[960]: ci-info: +--------+------+----------------------------+---------------+-------+-------------------+
[   24.785339] cloud-init[960]: ci-info: +++++++++++++++++++++++++++Route IPv4 info++++++++++++++++++++++++++++
[   24.790772] cloud-init[960]: ci-info: +-------+-------------+----------+---------------+-----------+-------+
[   24.794230] cloud-init[960]: ci-info: | Route | Destination | Gateway  |    Genmask    | Interface | Flags |
[   24.830463] [cloud-init[0;32m  OK  [0m[960]: ] ci-info: +-------+-------------+----------+---------------+-----------+-------+Started Daily apt download activities.

[[0;32m  OK  [0m] Started Daily apt upgrade and clean activities.
[[0;32m  OK  [0m] Listening on D-Bus System Message Bus Socket.
         Starting Socket activation for snappy daemon.
[   24.830983] cloud-init[960]: ci-info: |   0   |   0.0.0.0   | 10.0.2.2 |    0.0.0.0    |   enp0s3  |   UG  |
[   24.906637] [cloud-init[0;32m  OK  [0m[960]: ] ci-info: |   1   |   10.0.2.0  | 0.0.0.0  | 255.255.255.0 |   enp0s3  |   U   |Started ACPI Events Check.

[   24.948857] [cloud-init[0;32m  OK  [0m[960]: ] ci-info: +-------+-------------+----------+---------------+-----------+-------+Reached target Paths.

[[0;32m  OK  [0m] Listening on ACPID Listen Socket.
[[0;32m  OK  [0m] Started Timer to automatically refresh installed snaps.
         Starting LXD - unix socket.
[[0;32m  OK  [0m] Listening on UUID daemon activation socket.
[[0;32m  OK  [0m] Started Daily Cleanup of Temporary Directories.
[[0;32m  OK  [0m] Reached target Timers.
[[0;32m  OK  [0m] Reached target Cloud-config availability.
[[0;32m  OK  [0m] Listening on Socket activation for snappy daemon.
[[0;32m  OK  [0m] Listening on LXD - unix socket.
[[0;32m  OK  [0m] Started iSCSI initiator daemon (iscsid).
         Starting Login to default iSCSI targets...
[[0;32m  OK  [0m] Reached target Sockets.
[[0;32m  OK  [0m] Reached target Basic System.
         Starting System Logging Service...
[[0;32m  OK  [0m] Started Unattended Upgrades Shutdown.
         Starting LXD - container startup/shutdown...
         Starting Apply the settings specified in cloud-config...
         Starting /etc/rc.local Compatibility...
[[0;32m  OK  [0m] Started Deferred execution scheduler.
[[0;32m  OK  [0m] Started Regular background program processing daemon.
         Starting Accounts Service...
[[0;32m  OK  [0m] Started FUSE filesystem for LXC.
         Starting Login Service...
         Starting OpenBSD Secure Shell server...
[[0;32m  OK  [0m] Started D-Bus System Message Bus.
[   26.279808] cloud-init[1024]: Cloud-init v. 17.1 running 'modules:config' at Thu, 11 Oct 2018 20:57:07 +0000. Up 25.83 seconds.
         Starting LSB: MD monitoring daemon...
         Starting LSB: Record successful boot for GRUB...
         Starting Snappy daemon...
[[0;32m  OK  [0m] Started ACPI event daemon.
[[0;32m  OK  [0m] Started System Logging Service.
[[0;32m  OK  [0m] Started OpenBSD Secure Shell server.
[[0;32m  OK  [0m] Started Apply the settings specified in cloud-config.
[[0;32m  OK  [0m] Started /etc/rc.local Compatibility.
[[0;32m  OK  [0m] Started Login Service.
         Starting Authenticate and Authorize Users to Run Privileged Tasks...
[[0;32m  OK  [0m] Started LSB: Record successful boot for GRUB.
[[0;32m  OK  [0m] Started Login to default iSCSI targets.
[[0;32m  OK  [0m] Reached target Remote File Systems (Pre).
[[0;32m  OK  [0m] Reached target Remote File Systems.
         Starting LSB: VirtualBox Linux Additions...
         Starting LSB: automatic crash report generation...
         Starting Permit User Sessions...
         Starting LSB: daemon to balance interrupts for SMP systems...
         Starting LSB: Set the CPU Frequency Scaling governor to "ondemand"...
[[0;32m  OK  [0m] Started LSB: MD monitoring daemon.
[[0;32m  OK  [0m] Started LSB: Set the CPU Frequency Scaling governor to "ondemand".
[[0;32m  OK  [0m] Started Permit User Sessions.
         Starting Terminate Plymouth Boot Screen...
         Starting Hold until boot process finishes up...
[[0;32m  OK  [0m] Started Terminate Plymouth Boot Screen.
[[0;32m  OK  [0m] Started LSB: automatic crash report generation.
[[0;32m  OK  [0m] Started Hold until boot process finishes up.
[[0;32m  OK  [0m] Started Authenticate and Authorize Users to Run Privileged Tasks.
[[0;32m  OK  [0m] Started Accounts Service.
[[0;32m  OK  [0m] Started Getty on tty1.
         Starting Set console scheme...
[[0;32m  OK  [0m] Started Serial Getty on ttyS0.
[[0;32m  OK  [0m] Reached target Login Prompts.
[[0;32m  OK  [0m] Started LSB: daemon to balance interrupts for SMP systems.
[[0;32m  OK  [0m] Started Set console scheme.
[[0;32m  OK  [0m] Created slice User Slice of ubuntu.
         Starting User Manager for UID 1000...
[[0;32m  OK  [0m] Started Session 1 of user ubuntu.
[[0;32m  OK  [0m] Started LSB: VirtualBox Linux Additions.
[[0;32m  OK  [0m] Started User Manager for UID 1000.
[[0;32m  OK  [0m] Started LXD - container startup/shutdown.
[[0;32m  OK  [0m] Started Snappy daemon.
[[0;32m  OK  [0m] Reached target Multi-User System.
         Starting Execute cloud user/final scripts...
[[0;32m  OK  [0m] Reached target Graphical Interface.
         Starting Update UTMP about System Runlevel Changes...
[[0;32m  OK  [0m] Started Update UTMP about System Runlevel Changes.
[   30.071738] cloud-init[1245]: Cloud-init v. 17.1 running 'modules:final' at Thu, 11 Oct 2018 20:57:11 +0000. Up 29.79 seconds.
[[0;32m  OK  [0m] Started Execute cloud user/final scripts.
[   30.154671] cloud-init[1245]: Cloud-init v. 17.1 finished at Thu, 11 Oct 2018 20:57:11 +0000. Datasource DataSourceNoCloud [seed=/dev/sdb][dsmode=net].  Up 30.06 seconds
[[0;32m  OK  [0m] Reached target Cloud-init target.

Ubuntu 16.04.3 LTS ubuntu-xenial ttyS0

ubuntu-xenial login: 